C:\Program Files (x86)\MSBuild\Microsoft.Cpp\v4.0\V110\Microsoft.CppBuild.targets(346,5): warning MSB8004: Output Directory does not end with a trailing slash.  This build instance will add the slash as it is required to allow proper evaluation of the Output Directory.
  MOC ..\..\styles\QtnCommonStyle.h
  MOC ..\..\ribbon\QtnOfficeFrameHelper_win.h
  MOC ..\..\ribbon\QtnOfficePopupColorButton.h
  MOC ..\..\ribbon\QtnOfficePopupMenu.h
  MOC ..\..\ribbon\QtnOfficePopupWindow.h
  MOC ..\..\styles\QtnOfficeStyle.h
  MOC ..\..\styles\QtnOfficeStylePrivate.h
  MOC ..\..\styles\QtnPopupHelpers.h
  MOC ..\..\ribbon\QtnRibbonBackstageView.h
  MOC ..\..\ribbon\QtnRibbonBackstageViewPrivate.h
  MOC ..\..\ribbon\QtnRibbonBar.h
  MOC ..\..\ribbon\QtnRibbonBarPrivate.h
  MOC ..\..\ribbon\QtnRibbonButton.h
  MOC ..\..\ribbon\QtnRibbonGallery.h
  MOC ..\..\ribbon\QtnRibbonGalleryPrivate.h
  MOC ..\..\ribbon\QtnRibbonGroup.h
  MOC ..\..\ribbon\QtnRibbonGroupLayout.h
  MOC ..\..\ribbon\QtnRibbonGroupPrivate.h
  MOC ..\..\ribbon\QtnRibbonMainWindow.h
  MOC ..\..\ribbon\QtnRibbonPage.h
  MOC ..\..\ribbon\QtnRibbonPrivate.h
  MOC ..\..\ribbon\QtnRibbonQuickAccessBar.h
  MOC ..\..\ribbon\QtnRibbonSliderPane.h
  MOC ..\..\ribbon\QtnRibbonStatusBar.h
  MOC ..\..\styles\QtnRibbonStyle.h
  MOC ..\..\styles\QtnRibbonStylePrivate.h
  MOC ..\..\ribbon\QtnRibbonSystemPopupBar.h
  MOC ..\..\ribbon\QtnRibbonTabBar.h
  MOC ..\..\ribbon\QtnRibbonToolTip.h
  RCC ..\..\ribbon\QtnRibbonResources.qrc
  QtnCommonPaintManager.cpp
  QtnCommonStyle.cpp
  QtnCommonStyle_win.cpp
  QtnOfficeFrameHelper_win.cpp
  QtnOfficePaintManager.cpp
  QtnOfficePopupColorButton.cpp
  QtnOfficePopupMenu.cpp
  QtnOfficePopupWindow.cpp
  QtnOfficeStyle.cpp
  QtnPopupHelpers.cpp
  QtnRibbonBackstageView.cpp
  QtnRibbonBar.cpp
  QtnRibbonButton.cpp
  QtnRibbonGallery.cpp
  QtnRibbonGroup.cpp
  QtnRibbonGroupLayout.cpp
  QtnRibbonMainWindow.cpp
  QtnRibbonPage.cpp
  QtnRibbonPaintManager.cpp
  QtnRibbonPrivate.cpp
  Generating Code...
  Compiling...
  QtnRibbonQuickAccessBar.cpp
  QtnRibbonSliderPane.cpp
  QtnRibbonStatusBar.cpp
  QtnRibbonStyle.cpp
  QtnRibbonSystemPopupBar.cpp
  QtnRibbonTabBar.cpp
  QtnRibbonToolTip.cpp
  QtnStyleHelpers.cpp
  moc_QtnCommonStyle.cpp
  moc_QtnOfficeFrameHelper_win.cpp
  moc_QtnOfficePopupColorButton.cpp
  moc_QtnOfficePopupMenu.cpp
  moc_QtnOfficePopupWindow.cpp
  moc_QtnOfficeStyle.cpp
  moc_QtnOfficeStylePrivate.cpp
  moc_QtnPopupHelpers.cpp
  moc_QtnRibbonBackstageView.cpp
  moc_QtnRibbonBackstageViewPrivate.cpp
  moc_QtnRibbonBar.cpp
  moc_QtnRibbonBarPrivate.cpp
  Generating Code...
  Compiling...
  moc_QtnRibbonButton.cpp
  moc_QtnRibbonGallery.cpp
  moc_QtnRibbonGalleryPrivate.cpp
  moc_QtnRibbonGroup.cpp
  moc_QtnRibbonGroupLayout.cpp
  moc_QtnRibbonGroupPrivate.cpp
  moc_QtnRibbonMainWindow.cpp
  moc_QtnRibbonPage.cpp
  moc_QtnRibbonPrivate.cpp
  moc_QtnRibbonQuickAccessBar.cpp
  moc_QtnRibbonSliderPane.cpp
  moc_QtnRibbonStatusBar.cpp
  moc_QtnRibbonStyle.cpp
  moc_QtnRibbonStylePrivate.cpp
  moc_QtnRibbonSystemPopupBar.cpp
  moc_QtnRibbonTabBar.cpp
  moc_QtnRibbonToolTip.cpp
  qrc_QtnRibbonResources.cpp
  Generating Code...
C:\Program Files (x86)\MSBuild\Microsoft.Cpp\v4.0\V110\Microsoft.CppBuild.targets(1137,5): warning MSB8012: TargetPath(D:\Trunk2012\Client\QTitanRibbon\src\shared\ribbon\..\..\..\roblox_build\qtnribbon.dll) does not match the Linker's OutputFile property value (D:\Trunk2012\Client\QTitanRibbon\roblox_build\qtnribbon3.dll). This may cause your project to build incorrectly. To correct this, please make sure that $(OutDir), $(TargetName) and $(TargetExt) property values match the value specified in %(Link.OutputFile).
C:\Program Files (x86)\MSBuild\Microsoft.Cpp\v4.0\V110\Microsoft.CppBuild.targets(1139,5): warning MSB8012: TargetName(qtnribbon) does not match the Linker's OutputFile property value (qtnribbon3). This may cause your project to build incorrectly. To correct this, please make sure that $(OutDir), $(TargetName) and $(TargetExt) property values match the value specified in %(Link.OutputFile).
     Creating library ..\..\..\roblox_build\\qtnribbon3.lib and object ..\..\..\roblox_build\\qtnribbon3.exp
  qtnribbon.vcxproj -> D:\Trunk2012\Client\QTitanRibbon\src\shared\ribbon\..\..\..\roblox_build\qtnribbon.dll
